[22:03:55] [main/INFO]: Setting user: Player575
[22:03:56] [Client thread/INFO]: LWJGL Version: 2.9.1
[22:04:08] [Client thread/INFO]: Reloading ResourceManager: Default, FMLFileResourcePack:Forge Mod Loader, FMLFileResourcePack:Minecraft Forge, FMLFileResourcePack:Golden Energy
[22:04:09] [Sound Library Loader/INFO]: Sound engine started
[22:04:10] [Client thread/INFO]: Created: 16x16 textures/blocks-atlas
[22:04:10] [Client thread/INFO]: Created: 16x16 textures/items-atlas
[22:04:10] [Client thread/INFO]: Reloading ResourceManager: Default, FMLFileResourcePack:Forge Mod Loader, FMLFileResourcePack:Minecraft Forge, FMLFileResourcePack:Golden Energy
[22:04:10] [Client thread/INFO]: Created: 512x256 textures/blocks-atlas
[22:04:10] [Client thread/INFO]: Created: 256x256 textures/items-atlas
[22:04:11] [Sound Library Loader/INFO]: Sound engine started
[22:27:20] [Client thread/INFO]: Stopping!
923
[22:07:24] [Client thread/INFO]: LWJGL Version: 2.9.1
[22:07:37] [Client thread/INFO]: Reloading ResourceManager: Default, FMLFileResourcePack:Forge Mod Loader, FMLFileResourcePack:Minecraft Forge, FMLFileResourcePack:Golden Energy
[22:07:37] [Sound Library Loader/INFO]: Sound engine started
[22:07:49] [Client thread/INFO]: Created: 16x16 textures/blocks-atlas
[22:07:49] [Client thread/INFO]: Created: 16x16 textures/items-atlas
[22:07:50] [Client thread/INFO]: Reloading ResourceManager: Default, FMLFileResourcePack:Forge Mod Loader, FMLFileResourcePack:Minecraft Forge, FMLFileResourcePack:Golden Energy
[22:07:50] [Client thread/INFO]: Created: 512x256 textures/blocks-atlas
[22:07:50] [Client thread/INFO]: Created: 256x256 textures/items-atlas
[22:07:51] [Sound Library Loader/INFO]: Sound engine started
[22:11:18] [Client thread/INFO]: Stopping!
